<?xml version="1.0" encoding="UTF-8"?>
<!-- Generated by org.testng.reporters.JUnitReportReporter -->
<testsuite skipped="0" hostname="ip-172-31-30-13.us-east-2.compute.internal" name="QA.IT2" tests="4" failures="0" timestamp="2019-12-29T07:40:04 UTC" time="0.010" errors="0">
  <testcase name="division" time="0.000" classname="QA.IT2"/>
  <testcase name="multiplication" time="0.000" classname="QA.IT2"/>
  <testcase name="difference" time="0.010" classname="QA.IT2"/>
  <testcase name="sum" time="0.000" classname="QA.IT2"/>
</testsuite> <!-- QA.IT2 -->
